Determining if the pthread_create exist failed with the following output:
Change Dir: /home/aqz/smart-car/build/CMakeFiles/CMakeTmp

Run Build Command:"/usr/bin/make" "cmTC_03277/fast"
/usr/bin/make -f CMakeFiles/cmTC_03277.dir/build.make CMakeFiles/cmTC_03277.dir/build
make[1]: Entering directory '/home/aqz/smart-car/build/CMakeFiles/CMakeTmp'
Building C object CMakeFiles/cmTC_03277.dir/CheckSymbolExists.c.o
/usr/bin/cc     -o CMakeFiles/cmTC_03277.dir/CheckSymbolExists.c.o   -c /home/aqz/smart-car/build/CMakeFiles/CMakeTmp/CheckSymbolExists.c
Linking C executable cmTC_03277
/usr/bin/cmake -E cmake_link_script CMakeFiles/cmTC_03277.dir/link.txt --verbose=1
/usr/bin/cc       CMakeFiles/cmTC_03277.dir/CheckSymbolExists.c.o  -o cmTC_03277 -rdynamic 
CMakeFiles/cmTC_03277.dir/CheckSymbolExists.c.o: In function `main':
CheckSymbolExists.c:(.text+0xe): undefined reference to `pthread_create'
CheckSymbolExists.c:(.text+0x12): undefined reference to `pthread_create'
collect2: error: ld returned 1 exit status
CMakeFiles/cmTC_03277.dir/build.make:97: recipe for target 'cmTC_03277' failed
make[1]: *** [cmTC_03277] Error 1
make[1]: Leaving directory '/home/aqz/smart-car/build/CMakeFiles/CMakeTmp'
Makefile:126: recipe for target 'cmTC_03277/fast' failed
make: *** [cmTC_03277/fast] Error 2

File /home/aqz/smart-car/build/CMakeFiles/CMakeTmp/CheckSymbolExists.c:
/* */
#include <pthread.h>

int main(int argc, char** argv)
{
  (void)argv;
#ifndef pthread_create
  return ((int*)(&pthread_create))[argc];
#else
  (void)argc;
  return 0;
#endif
}

Determining if the function pthread_create exists in the pthreads failed with the following output:
Change Dir: /home/aqz/smart-car/build/CMakeFiles/CMakeTmp

Run Build Command:"/usr/bin/make" "cmTC_63f23/fast"
/usr/bin/make -f CMakeFiles/cmTC_63f23.dir/build.make CMakeFiles/cmTC_63f23.dir/build
make[1]: Entering directory '/home/aqz/smart-car/build/CMakeFiles/CMakeTmp'
Building C object CMakeFiles/cmTC_63f23.dir/CheckFunctionExists.c.o
/usr/bin/cc    -DCHECK_FUNCTION_EXISTS=pthread_create   -o CMakeFiles/cmTC_63f23.dir/CheckFunctionExists.c.o   -c /usr/share/cmake-3.5/Modules/CheckFunctionExists.c
Linking C executable cmTC_63f23
/usr/bin/cmake -E cmake_link_script CMakeFiles/cmTC_63f23.dir/link.txt --verbose=1
/usr/bin/cc   -DCHECK_FUNCTION_EXISTS=pthread_create    CMakeFiles/cmTC_63f23.dir/CheckFunctionExists.c.o  -o cmTC_63f23 -rdynamic -lpthreads 
/usr/bin/ld: cannot find -lpthreads
collect2: error: ld returned 1 exit status
CMakeFiles/cmTC_63f23.dir/build.make:97: recipe for target 'cmTC_63f23' failed
make[1]: *** [cmTC_63f23] Error 1
make[1]: Leaving directory '/home/aqz/smart-car/build/CMakeFiles/CMakeTmp'
Makefile:126: recipe for target 'cmTC_63f23/fast' failed
make: *** [cmTC_63f23/fast] Error 2


